Arguments: 
  /Users/dothien/.nvm/versions/node/v9.5.0/bin/node /usr/local/Cellar/yarn/1.5.1/libexec/bin/yarn.js run dev-serve

PATH: 
  /Users/dothien/.nvm/versions/node/v9.5.0/bin:/usr/local/bin:/usr/bin:/bin:/usr/sbin:/sbin

Yarn version: 
  1.5.1

Node version: 
  9.5.0

Platform: 
  darwin x64

npm manifest: 
  {
    "name": "ui-guide",
    "version": "1.0.0",
    "repository": "https://github.com/dvkndn/ui-guide",
    "author": "Thien Do <dvkndn@gmail.com>",
    "license": "MIT",
    "scripts": {
      "clean": ". ./scripts/clean.sh",
      "link": ". ./scripts/link.sh",
      "dev-watch": ". ./scripts/dev-watch.sh",
      "dev-serve": "node ./scripts/dev-serve",
      "build": ". ./scripts/build.sh"
    }
  }

yarn manifest: 
  No manifest

Lockfile: 
  No lockfile

Trace: 
  Error: Command failed.
  Exit code: 1
  Command: sh
  Arguments: -c node ./scripts/dev-serve
  Directory: /Users/dothien/Code/anduin/ui-guide
  Output:
  
      at ProcessTermError.MessageError (/usr/local/Cellar/yarn/1.5.1/libexec/lib/cli.js:186:110)
      at new ProcessTermError (/usr/local/Cellar/yarn/1.5.1/libexec/lib/cli.js:226:113)
      at ChildProcess.<anonymous> (/usr/local/Cellar/yarn/1.5.1/libexec/lib/cli.js:30281:17)
      at ChildProcess.emit (events.js:160:13)
      at maybeClose (internal/child_process.js:943:16)
      at Process.ChildProcess._handle.onexit (internal/child_process.js:220:5)
